<?xml version="1.0" encoding="UTF-8"?>
<testsuite name="com.acme.mytrader.strategy.TradingStrategyTest" tests="1" skipped="0" failures="0" errors="0" timestamp="2020-05-22T19:32:57" hostname="DESKTOP-7UV90VS" time="0.131">
  <properties/>
  <testcase name="testSameSecurityForMutipleTimes" classname="com.acme.mytrader.strategy.TradingStrategyTest" time="0.131"/>
  <system-out><![CDATA[IBM : Order for buy executed at price 6.014097433190294
IBM : Order for buy executed at price 6.014097433190294
IBM : Order for buy executed at price 6.014097433190294
]]></system-out>
  <system-err><![CDATA[]]></system-err>
</testsuite>
